≡ƒöÑ≡ƒöÑ≡ƒöÑ ADMIN ROUTES FILE LOADED - NEW VERSION ≡ƒöÑ≡ƒöÑ≡ƒöÑ
≡ƒôª Delivery routes loaded - version 2.0 (fixed hub distance)
node : node:internal/m
odules/cjs/loader:1424
At line:1 char:1
+ node index.js 2>&1 
| Out-File -FilePath 
error.log -Encoding 
utf8; Get ...
+ ~~~~~~~~~~~~~~~~~~
    + CategoryInfo    
          : NotSpeci  
  fied: (node:inter   
 nal/modules/cjs/l    
oader:1424:String    
) [], RemoteExcep    
tion
    + FullyQualifiedE 
   rrorId : NativeCo  
  mmandError
 
  throw err;
  ^

Error: Cannot find 
module '@tensorflow/tf
js-node'
Require stack:
- C:\Users\Jeet\Deskto
p\basket v7 0327AM 
1912\basket v 7\basket
\server\node_modules\@
vladmandic\face-api\di
st\face-api.node.js
- C:\Users\Jeet\Deskto
p\basket v7 0327AM 
1912\basket v 7\basket
\server\utils\faceReco
gnitionService.js
- C:\Users\Jeet\Deskto
p\basket v7 0327AM 
1912\basket v 7\basket
\server\routes\faceRec
ognitionRoutes.js
- C:\Users\Jeet\Deskto
p\basket v7 0327AM 
1912\basket v 7\basket
\server\index.js
    at Module._resolve
Filename (node:interna
l/modules/cjs/loader:1
421:15)
    at 
defaultResolveImpl (no
de:internal/modules/cj
s/loader:1059:19)
    at resolveForCJSWi
thHooks (node:internal
/modules/cjs/loader:10
64:22)
    at Module._load (n
ode:internal/modules/c
js/loader:1227:37)
    at TracingChannel.
traceSync (node:diagno
stics_channel:328:14)
    at wrapModuleLoad 
(node:internal/modules
/cjs/loader:245:24)
    at Module.require 
(node:internal/modules
/cjs/loader:1504:12)
    at require (node:i
nternal/modules/helper
s:152:16)
    at C:\Users\Jeet\D
esktop\basket v7 
0327AM 1912\basket v 7
\basket\server\node_mo
dules\@vladmandic\face
-api\dist\face-api.nod
e.js:7:1195
    at C:\Users\Jeet\D
esktop\basket v7 
0327AM 1912\basket v 7
\basket\server\node_mo
dules\@vladmandic\face
-api\dist\face-api.nod
e.js:7:223 {
  code: 
'MODULE_NOT_FOUND',
  requireStack: [
    'C:\\Users\\Jeet\\
Desktop\\basket v7 
0327AM 1912\\basket v 
7\\basket\\server\\nod
e_modules\\@vladmandic
\\face-api\\dist\\face
-api.node.js',
    'C:\\Users\\Jeet\\
Desktop\\basket v7 
0327AM 1912\\basket v 
7\\basket\\server\\uti
ls\\faceRecognitionSer
vice.js',
    'C:\\Users\\Jeet\\
Desktop\\basket v7 
0327AM 1912\\basket v 
7\\basket\\server\\rou
tes\\faceRecognitionRo
utes.js',
    'C:\\Users\\Jeet\\
Desktop\\basket v7 
0327AM 1912\\basket v 
7\\basket\\server\\ind
ex.js'
  ]
}

Node.js v24.11.1
